<?xml version="1.0" encoding="UTF-8"?>
<!-- Generated by org.testng.reporters.JUnitXMLReporter -->
<testsuite hostname="deskOne" ignored="0" name="Default test" tests="6" failures="0" timestamp="24 мар 2017 19:57:23 GMT" time="0.031" errors="0">
  <testcase name="signUpViaEmail" time="0.007" classname="testNG_1.SignUpTest"/>
  <testcase name="signUpViaFacebook" time="0.001" classname="testNG_1.SignUpTest"/>
  <testcase name="signUpViaTwitter" time="0.001" classname="testNG_1.SignUpTest"/>
  <testcase name="testLoginViaEmail" time="0.002" classname="testNG_1.LoginTest"/>
  <testcase name="testLoginViaFacebook" time="0.001" classname="testNG_1.LoginTest"/>
  <testcase name="testLoginViaTwitter" time="0.001" classname="testNG_1.LoginTest"/>
</testsuite> <!-- Default test -->
