<?xml version="1.0" encoding="UTF-8"?>
<!-- Generated by org.testng.reporters.JUnitXMLReporter -->
<testsuite hostname="deskOne" ignored="0" name="Payment test" tests="3" failures="0" timestamp="25 мар 2017 00:55:07 GMT" time="0.006" errors="0">
  <testcase name="paymentInDollar" time="0.0" classname="testNG_1.PaymentTest"/>
  <testcase name="paymentInRupee" time="0.001" classname="testNG_1.PaymentTest"/>
  <testcase name="paymentreturn" time="0.001" classname="testNG_1.PaymentReturn"/>
</testsuite> <!-- Payment test -->
