<?xml version="1.0" encoding="UTF-8"?>
<testng-results skipped="0" failed="0" ignored="0" total="1" passed="1">
  <reporter-output>
  </reporter-output>
  <suite name="Default suite" duration-ms="16572" started-at="2017-04-02T17:09:46Z" finished-at="2017-04-02T17:10:02Z">
    <groups>
    </groups>
    <test name="Default test" duration-ms="16572" started-at="2017-04-02T17:09:46Z" finished-at="2017-04-02T17:10:02Z">
      <class name="testNG_parallelExecution.GG">
        <test-method status="PASS" signature="startGG()[pri:0, instance:testNG_parallelExecution.GG@42d80b78]" name="startGG" duration-ms="16561" started-at="2017-04-02T20:09:46Z" finished-at="2017-04-02T20:10:02Z">
          <reporter-output>
          </reporter-output>
        </test-method> <!-- startGG -->
      </class> <!-- testNG_parallelExecution.GG -->
    </test> <!-- Default test -->
  </suite> <!-- Default suite -->
</testng-results>
