<?xml version="1.0" encoding="UTF-8"?>
<testng-results skipped="0" failed="0" ignored="0" total="1" passed="1">
  <reporter-output>
  </reporter-output>
  <suite name="Login suite" duration-ms="21" started-at="2017-03-25T02:53:22Z" finished-at="2017-03-25T02:53:22Z">
    <groups>
    </groups>
    <test name="Login test" duration-ms="21" started-at="2017-03-25T02:53:22Z" finished-at="2017-03-25T02:53:22Z">
      <class name="testNG_2.LearningParameters">
        <test-method status="PASS" signature="login(java.lang.String)[pri:0, instance:testNG_2.LearningParameters@475530b9]" name="login" duration-ms="7" started-at="2017-03-25T04:53:22Z" finished-at="2017-03-25T04:53:22Z">
          <params>
            <param index="0">
              <value>
                <![CDATA[appautomation@gmail.com]]>
              </value>
            </param>
          </params>
          <reporter-output>
          </reporter-output>
        </test-method> <!-- login -->
      </class> <!-- testNG_2.LearningParameters -->
    </test> <!-- Login test -->
  </suite> <!-- Login suite -->
</testng-results>
