<?xml version="1.0" encoding="UTF-8"?>
<!-- Generated by org.testng.reporters.JUnitXMLReporter -->
<testsuite hostname="deskOne" ignored="0" name="Login test" tests="6" failures="0" timestamp="24 мар 2017 20:19:32 GMT" time="0.04" errors="0">
  <testcase name="testLoginViaEmail" time="0.006" classname="testNG_1.LoginTest"/>
  <testcase name="testLoginViaFacebook" time="0.001" classname="testNG_1.LoginTest"/>
  <testcase name="testLoginViaTwitter" time="0.001" classname="testNG_1.LoginTest"/>
  <testcase name="signUpViaEmail" time="0.003" classname="testNG_1.SignUpTest"/>
  <testcase name="signUpViaFacebook" time="0.001" classname="testNG_1.SignUpTest"/>
  <testcase name="signUpViaTwitter" time="0.003" classname="testNG_1.SignUpTest"/>
</testsuite> <!-- Login test -->
